{"uid":"fdb304849610eaee","name":"test_Signup_002","fullName":"testCases.test_UserProfile.Test_UserProfile#test_Signup_002","historyId":"ef84edf7b7d226e78bc76412778cd6b4","time":{"start":1723380604746,"stop":1723380606586,"duration":1840},"status":"broken","statusMessage":"selenium.common.exceptions.ElementClickInterceptedException: Message: element click intercepted: Element <button type=\"submit\">...</button> is not clickable at point (504, 612). Other element would receive the click: <footer>...</footer>\n  (Session info: chrome=127.0.6533.100)\nStacktrace:\n\tGetHandleVerifier [0x00007FF7CC309632+30946]\n\t(No symbol) [0x00007FF7CC2BE3C9]\n\t(No symbol) [0x00007FF7CC1B6FDA]\n\t(No symbol) [0x00007FF7CC20FEEE]\n\t(No symbol) [0x00007FF7CC20D962]\n\t(No symbol) [0x00007FF7CC20AE7B]\n\t(No symbol) [0x00007FF7CC20A095]\n\t(No symbol) [0x00007FF7CC1FC271]\n\t(No symbol) [0x00007FF7CC22CA6A]\n\t(No symbol) [0x00007FF7CC1FBBB6]\n\t(No symbol) [0x00007FF7CC22CC80]\n\t(No symbol) [0x00007FF7CC24B041]\n\t(No symbol) [0x00007FF7CC22C813]\n\t(No symbol) [0x00007FF7CC1FA6E5]\n\t(No symbol) [0x00007FF7CC1FB021]\n\tGetHandleVerifier [0x00007FF7CC43F83D+1301229]\n\tGetHandleVerifier [0x00007FF7CC44BDB7+1351783]\n\tGetHandleVerifier [0x00007FF7CC442A03+1313971]\n\tGetHandleVerifier [0x00007FF7CC33DD06+245686]\n\t(No symbol) [0x00007FF7CC2C758F]\n\t(No symbol) [0x00007FF7CC2C3804]\n\t(No symbol) [0x00007FF7CC2C3992]\n\t(No symbol) [0x00007FF7CC2BA3EF]\n\tBaseThreadInitThunk [0x00007FFE71727BD4+20]\n\tRtlUserThreadStart [0x00007FFE72EECE71+33]","statusTrace":"self = <testCases.test_UserProfile.Test_UserProfile object at 0x000001E861AD0770>\nsetup = <selenium.webdriver.chrome.webdriver.WebDriver (session=\"9ac06c341ae36cfea1cf327275875557\")>\n\n    @pytest.mark.sanity\n    @pytest.mark.group1\n    def test_Signup_002(self, setup):\n        self.Log.info(\"Testcase test_Signup_002 is started\")\n        self.driver = setup\n        self.Log.info(\"Opening browser\")\n        self.su = SignUp_Class(self.driver)\n        self.su.Click_Signup()\n        self.Log.info(generate_random_username())\n        self.su.Enter_Username(generate_random_username())\n        self.Log.info(\"Entering the Password\")\n        self.su.Enter_Password(\"Demo555@\")\n        self.Log.info(generate_random_email())\n        self.su.Enter_Email(generate_random_email())\n        self.Log.info(generate_random_phone_number())\n        self.su.Enter_Phone(generate_random_phone_number())\n        self.Log.info(\"Click on Create user button\")\n>       self.su.Click_CreateUser_Button()\n\ntestCases\\test_UserProfile.py:64: \n_ _ _ _ _ _ _ _ _ _ _ _ _ _ _ _ _ _ _ _ _ _ _ _ _ _ _ _ _ _ _ _ _ _ _ _ _ _ _ _\npageObjects\\SignUp_Page.py:32: in Click_CreateUser_Button\n    self.driver.find_element(By.XPATH, self.click_create_user_button_XPath).click()\nC:\\Users\\Hp\\AppData\\Local\\Programs\\Python\\Python312\\Lib\\site-packages\\selenium\\webdriver\\remote\\webelement.py:94: in click\n    self._execute(Command.CLICK_ELEMENT)\nC:\\Users\\Hp\\AppData\\Local\\Programs\\Python\\Python312\\Lib\\site-packages\\selenium\\webdriver\\remote\\webelement.py:395: in _execute\n    return self._parent.execute(command, params)\nC:\\Users\\Hp\\AppData\\Local\\Programs\\Python\\Python312\\Lib\\site-packages\\selenium\\webdriver\\remote\\webdriver.py:354: in execute\n    self.error_handler.check_response(response)\n_ _ _ _ _ _ _ _ _ _ _ _ _ _ _ _ _ _ _ _ _ _ _ _ _ _ _ _ _ _ _ _ _ _ _ _ _ _ _ _\n\nself = <selenium.webdriver.remote.errorhandler.ErrorHandler object at 0x000001E8618D8E60>\nresponse = {'status': 400, 'value': '{\"value\":{\"error\":\"element click intercepted\",\"message\":\"element click intercepted: Element ...07FF7CC2BA3EF]\\\\n\\\\tBaseThreadInitThunk [0x00007FFE71727BD4+20]\\\\n\\\\tRtlUserThreadStart [0x00007FFE72EECE71+33]\\\\n\"}}'}\n\n    def check_response(self, response: Dict[str, Any]) -> None:\n        \"\"\"Checks that a JSON response from the WebDriver does not have an\n        error.\n    \n        :Args:\n         - response - The JSON response from the WebDriver server as a dictionary\n           object.\n    \n        :Raises: If the response contains an error message.\n        \"\"\"\n        status = response.get(\"status\", None)\n        if not status or status == ErrorCode.SUCCESS:\n            return\n        value = None\n        message = response.get(\"message\", \"\")\n        screen: str = response.get(\"screen\", \"\")\n        stacktrace = None\n        if isinstance(status, int):\n            value_json = response.get(\"value\", None)\n            if value_json and isinstance(value_json, str):\n                import json\n    \n                try:\n                    value = json.loads(value_json)\n                    if len(value) == 1:\n                        value = value[\"value\"]\n                    status = value.get(\"error\", None)\n                    if not status:\n                        status = value.get(\"status\", ErrorCode.UNKNOWN_ERROR)\n                        message = value.get(\"value\") or value.get(\"message\")\n                        if not isinstance(message, str):\n                            value = message\n                            message = message.get(\"message\")\n                    else:\n                        message = value.get(\"message\", None)\n                except ValueError:\n                    pass\n    \n        exception_class: Type[WebDriverException]\n        e = ErrorCode()\n        error_codes = [item for item in dir(e) if not item.startswith(\"__\")]\n        for error_code in error_codes:\n            error_info = getattr(ErrorCode, error_code)\n            if isinstance(error_info, list) and status in error_info:\n                exception_class = getattr(ExceptionMapping, error_code, WebDriverException)\n                break\n        else:\n            exception_class = WebDriverException\n    \n        if not value:\n            value = response[\"value\"]\n        if isinstance(value, str):\n            raise exception_class(value)\n        if message == \"\" and \"message\" in value:\n            message = value[\"message\"]\n    \n        screen = None  # type: ignore[assignment]\n        if \"screen\" in value:\n            screen = value[\"screen\"]\n    \n        stacktrace = None\n        st_value = value.get(\"stackTrace\") or value.get(\"stacktrace\")\n        if st_value:\n            if isinstance(st_value, str):\n                stacktrace = st_value.split(\"\\n\")\n            else:\n                stacktrace = []\n                try:\n                    for frame in st_value:\n                        line = frame.get(\"lineNumber\", \"\")\n                        file = frame.get(\"fileName\", \"<anonymous>\")\n                        if line:\n                            file = f\"{file}:{line}\"\n                        meth = frame.get(\"methodName\", \"<anonymous>\")\n                        if \"className\" in frame:\n                            meth = f\"{frame['className']}.{meth}\"\n                        msg = \"    at %s (%s)\"\n                        msg = msg % (meth, file)\n                        stacktrace.append(msg)\n                except TypeError:\n                    pass\n        if exception_class == UnexpectedAlertPresentException:\n            alert_text = None\n            if \"data\" in value:\n                alert_text = value[\"data\"].get(\"text\")\n            elif \"alert\" in value:\n                alert_text = value[\"alert\"].get(\"text\")\n            raise exception_class(message, screen, stacktrace, alert_text)  # type: ignore[call-arg]  # mypy is not smart enough here\n>       raise exception_class(message, screen, stacktrace)\nE       selenium.common.exceptions.ElementClickInterceptedException: Message: element click intercepted: Element <button type=\"submit\">...</button> is not clickable at point (504, 612). Other element would receive the click: <footer>...</footer>\nE         (Session info: chrome=127.0.6533.100)\nE       Stacktrace:\nE       \tGetHandleVerifier [0x00007FF7CC309632+30946]\nE       \t(No symbol) [0x00007FF7CC2BE3C9]\nE       \t(No symbol) [0x00007FF7CC1B6FDA]\nE       \t(No symbol) [0x00007FF7CC20FEEE]\nE       \t(No symbol) [0x00007FF7CC20D962]\nE       \t(No symbol) [0x00007FF7CC20AE7B]\nE       \t(No symbol) [0x00007FF7CC20A095]\nE       \t(No symbol) [0x00007FF7CC1FC271]\nE       \t(No symbol) [0x00007FF7CC22CA6A]\nE       \t(No symbol) [0x00007FF7CC1FBBB6]\nE       \t(No symbol) [0x00007FF7CC22CC80]\nE       \t(No symbol) [0x00007FF7CC24B041]\nE       \t(No symbol) [0x00007FF7CC22C813]\nE       \t(No symbol) [0x00007FF7CC1FA6E5]\nE       \t(No symbol) [0x00007FF7CC1FB021]\nE       \tGetHandleVerifier [0x00007FF7CC43F83D+1301229]\nE       \tGetHandleVerifier [0x00007FF7CC44BDB7+1351783]\nE       \tGetHandleVerifier [0x00007FF7CC442A03+1313971]\nE       \tGetHandleVerifier [0x00007FF7CC33DD06+245686]\nE       \t(No symbol) [0x00007FF7CC2C758F]\nE       \t(No symbol) [0x00007FF7CC2C3804]\nE       \t(No symbol) [0x00007FF7CC2C3992]\nE       \t(No symbol) [0x00007FF7CC2BA3EF]\nE       \tBaseThreadInitThunk [0x00007FFE71727BD4+20]\nE       \tRtlUserThreadStart [0x00007FFE72EECE71+33]\n\nC:\\Users\\Hp\\AppData\\Local\\Programs\\Python\\Python312\\Lib\\site-packages\\selenium\\webdriver\\remote\\errorhandler.py:229: ElementClickInterceptedException","flaky":false,"newFailed":false,"newBroken":false,"newPassed":false,"retriesCount":0,"retriesStatusChange":false,"beforeStages":[{"name":"setup","time":{"start":1723380599429,"stop":1723380604745,"duration":5316},"status":"passed","steps":[],"attachments":[],"parameters":[],"shouldDisplayMessage":false,"attachmentsCount":0,"hasContent":false,"attachmentStep":false,"stepsCount":0}],"testStage":{"status":"broken","statusMessage":"selenium.common.exceptions.ElementClickInterceptedException: Message: element click intercepted: Element <button type=\"submit\">...</button> is not clickable at point (504, 612). Other element would receive the click: <footer>...</footer>\n  (Session info: chrome=127.0.6533.100)\nStacktrace:\n\tGetHandleVerifier [0x00007FF7CC309632+30946]\n\t(No symbol) [0x00007FF7CC2BE3C9]\n\t(No symbol) [0x00007FF7CC1B6FDA]\n\t(No symbol) [0x00007FF7CC20FEEE]\n\t(No symbol) [0x00007FF7CC20D962]\n\t(No symbol) [0x00007FF7CC20AE7B]\n\t(No symbol) [0x00007FF7CC20A095]\n\t(No symbol) [0x00007FF7CC1FC271]\n\t(No symbol) [0x00007FF7CC22CA6A]\n\t(No symbol) [0x00007FF7CC1FBBB6]\n\t(No symbol) [0x00007FF7CC22CC80]\n\t(No symbol) [0x00007FF7CC24B041]\n\t(No symbol) [0x00007FF7CC22C813]\n\t(No symbol) [0x00007FF7CC1FA6E5]\n\t(No symbol) [0x00007FF7CC1FB021]\n\tGetHandleVerifier [0x00007FF7CC43F83D+1301229]\n\tGetHandleVerifier [0x00007FF7CC44BDB7+1351783]\n\tGetHandleVerifier [0x00007FF7CC442A03+1313971]\n\tGetHandleVerifier [0x00007FF7CC33DD06+245686]\n\t(No symbol) [0x00007FF7CC2C758F]\n\t(No symbol) [0x00007FF7CC2C3804]\n\t(No symbol) [0x00007FF7CC2C3992]\n\t(No symbol) [0x00007FF7CC2BA3EF]\n\tBaseThreadInitThunk [0x00007FFE71727BD4+20]\n\tRtlUserThreadStart [0x00007FFE72EECE71+33]","statusTrace":"self = <testCases.test_UserProfile.Test_UserProfile object at 0x000001E861AD0770>\nsetup = <selenium.webdriver.chrome.webdriver.WebDriver (session=\"9ac06c341ae36cfea1cf327275875557\")>\n\n    @pytest.mark.sanity\n    @pytest.mark.group1\n    def test_Signup_002(self, setup):\n        self.Log.info(\"Testcase test_Signup_002 is started\")\n        self.driver = setup\n        self.Log.info(\"Opening browser\")\n        self.su = SignUp_Class(self.driver)\n        self.su.Click_Signup()\n        self.Log.info(generate_random_username())\n        self.su.Enter_Username(generate_random_username())\n        self.Log.info(\"Entering the Password\")\n        self.su.Enter_Password(\"Demo555@\")\n        self.Log.info(generate_random_email())\n        self.su.Enter_Email(generate_random_email())\n        self.Log.info(generate_random_phone_number())\n        self.su.Enter_Phone(generate_random_phone_number())\n        self.Log.info(\"Click on Create user button\")\n>       self.su.Click_CreateUser_Button()\n\ntestCases\\test_UserProfile.py:64: \n_ _ _ _ _ _ _ _ _ _ _ _ _ _ _ _ _ _ _ _ _ _ _ _ _ _ _ _ _ _ _ _ _ _ _ _ _ _ _ _\npageObjects\\SignUp_Page.py:32: in Click_CreateUser_Button\n    self.driver.find_element(By.XPATH, self.click_create_user_button_XPath).click()\nC:\\Users\\Hp\\AppData\\Local\\Programs\\Python\\Python312\\Lib\\site-packages\\selenium\\webdriver\\remote\\webelement.py:94: in click\n    self._execute(Command.CLICK_ELEMENT)\nC:\\Users\\Hp\\AppData\\Local\\Programs\\Python\\Python312\\Lib\\site-packages\\selenium\\webdriver\\remote\\webelement.py:395: in _execute\n    return self._parent.execute(command, params)\nC:\\Users\\Hp\\AppData\\Local\\Programs\\Python\\Python312\\Lib\\site-packages\\selenium\\webdriver\\remote\\webdriver.py:354: in execute\n    self.error_handler.check_response(response)\n_ _ _ _ _ _ _ _ _ _ _ _ _ _ _ _ _ _ _ _ _ _ _ _ _ _ _ _ _ _ _ _ _ _ _ _ _ _ _ _\n\nself = <selenium.webdriver.remote.errorhandler.ErrorHandler object at 0x000001E8618D8E60>\nresponse = {'status': 400, 'value': '{\"value\":{\"error\":\"element click intercepted\",\"message\":\"element click intercepted: Element ...07FF7CC2BA3EF]\\\\n\\\\tBaseThreadInitThunk [0x00007FFE71727BD4+20]\\\\n\\\\tRtlUserThreadStart [0x00007FFE72EECE71+33]\\\\n\"}}'}\n\n    def check_response(self, response: Dict[str, Any]) -> None:\n        \"\"\"Checks that a JSON response from the WebDriver does not have an\n        error.\n    \n        :Args:\n         - response - The JSON response from the WebDriver server as a dictionary\n           object.\n    \n        :Raises: If the response contains an error message.\n        \"\"\"\n        status = response.get(\"status\", None)\n        if not status or status == ErrorCode.SUCCESS:\n            return\n        value = None\n        message = response.get(\"message\", \"\")\n        screen: str = response.get(\"screen\", \"\")\n        stacktrace = None\n        if isinstance(status, int):\n            value_json = response.get(\"value\", None)\n            if value_json and isinstance(value_json, str):\n                import json\n    \n                try:\n                    value = json.loads(value_json)\n                    if len(value) == 1:\n                        value = value[\"value\"]\n                    status = value.get(\"error\", None)\n                    if not status:\n                        status = value.get(\"status\", ErrorCode.UNKNOWN_ERROR)\n                        message = value.get(\"value\") or value.get(\"message\")\n                        if not isinstance(message, str):\n                            value = message\n                            message = message.get(\"message\")\n                    else:\n                        message = value.get(\"message\", None)\n                except ValueError:\n                    pass\n    \n        exception_class: Type[WebDriverException]\n        e = ErrorCode()\n        error_codes = [item for item in dir(e) if not item.startswith(\"__\")]\n        for error_code in error_codes:\n            error_info = getattr(ErrorCode, error_code)\n            if isinstance(error_info, list) and status in error_info:\n                exception_class = getattr(ExceptionMapping, error_code, WebDriverException)\n                break\n        else:\n            exception_class = WebDriverException\n    \n        if not value:\n            value = response[\"value\"]\n        if isinstance(value, str):\n            raise exception_class(value)\n        if message == \"\" and \"message\" in value:\n            message = value[\"message\"]\n    \n        screen = None  # type: ignore[assignment]\n        if \"screen\" in value:\n            screen = value[\"screen\"]\n    \n        stacktrace = None\n        st_value = value.get(\"stackTrace\") or value.get(\"stacktrace\")\n        if st_value:\n            if isinstance(st_value, str):\n                stacktrace = st_value.split(\"\\n\")\n            else:\n                stacktrace = []\n                try:\n                    for frame in st_value:\n                        line = frame.get(\"lineNumber\", \"\")\n                        file = frame.get(\"fileName\", \"<anonymous>\")\n                        if line:\n                            file = f\"{file}:{line}\"\n                        meth = frame.get(\"methodName\", \"<anonymous>\")\n                        if \"className\" in frame:\n                            meth = f\"{frame['className']}.{meth}\"\n                        msg = \"    at %s (%s)\"\n                        msg = msg % (meth, file)\n                        stacktrace.append(msg)\n                except TypeError:\n                    pass\n        if exception_class == UnexpectedAlertPresentException:\n            alert_text = None\n            if \"data\" in value:\n                alert_text = value[\"data\"].get(\"text\")\n            elif \"alert\" in value:\n                alert_text = value[\"alert\"].get(\"text\")\n            raise exception_class(message, screen, stacktrace, alert_text)  # type: ignore[call-arg]  # mypy is not smart enough here\n>       raise exception_class(message, screen, stacktrace)\nE       selenium.common.exceptions.ElementClickInterceptedException: Message: element click intercepted: Element <button type=\"submit\">...</button> is not clickable at point (504, 612). Other element would receive the click: <footer>...</footer>\nE         (Session info: chrome=127.0.6533.100)\nE       Stacktrace:\nE       \tGetHandleVerifier [0x00007FF7CC309632+30946]\nE       \t(No symbol) [0x00007FF7CC2BE3C9]\nE       \t(No symbol) [0x00007FF7CC1B6FDA]\nE       \t(No symbol) [0x00007FF7CC20FEEE]\nE       \t(No symbol) [0x00007FF7CC20D962]\nE       \t(No symbol) [0x00007FF7CC20AE7B]\nE       \t(No symbol) [0x00007FF7CC20A095]\nE       \t(No symbol) [0x00007FF7CC1FC271]\nE       \t(No symbol) [0x00007FF7CC22CA6A]\nE       \t(No symbol) [0x00007FF7CC1FBBB6]\nE       \t(No symbol) [0x00007FF7CC22CC80]\nE       \t(No symbol) [0x00007FF7CC24B041]\nE       \t(No symbol) [0x00007FF7CC22C813]\nE       \t(No symbol) [0x00007FF7CC1FA6E5]\nE       \t(No symbol) [0x00007FF7CC1FB021]\nE       \tGetHandleVerifier [0x00007FF7CC43F83D+1301229]\nE       \tGetHandleVerifier [0x00007FF7CC44BDB7+1351783]\nE       \tGetHandleVerifier [0x00007FF7CC442A03+1313971]\nE       \tGetHandleVerifier [0x00007FF7CC33DD06+245686]\nE       \t(No symbol) [0x00007FF7CC2C758F]\nE       \t(No symbol) [0x00007FF7CC2C3804]\nE       \t(No symbol) [0x00007FF7CC2C3992]\nE       \t(No symbol) [0x00007FF7CC2BA3EF]\nE       \tBaseThreadInitThunk [0x00007FFE71727BD4+20]\nE       \tRtlUserThreadStart [0x00007FFE72EECE71+33]\n\nC:\\Users\\Hp\\AppData\\Local\\Programs\\Python\\Python312\\Lib\\site-packages\\selenium\\webdriver\\remote\\errorhandler.py:229: ElementClickInterceptedException","steps":[],"attachments":[{"uid":"fbc2439ed15521ee","name":"log","source":"fbc2439ed15521ee.txt","type":"text/plain","size":550}],"parameters":[],"shouldDisplayMessage":true,"attachmentsCount":1,"hasContent":true,"attachmentStep":false,"stepsCount":0},"afterStages":[{"name":"setup::0","time":{"start":1723380606755,"stop":1723380608909,"duration":2154},"status":"passed","steps":[],"attachments":[],"parameters":[],"shouldDisplayMessage":false,"attachmentsCount":0,"hasContent":false,"attachmentStep":false,"stepsCount":0}],"labels":[{"name":"tag","value":"group1"},{"name":"tag","value":"sanity"},{"name":"parentSuite","value":"testCases"},{"name":"suite","value":"test_UserProfile"},{"name":"subSuite","value":"Test_UserProfile"},{"name":"host","value":"DESKTOP-6VTSFRA"},{"name":"thread","value":"5788-MainThread"},{"name":"framework","value":"pytest"},{"name":"language","value":"cpython3"},{"name":"package","value":"testCases.test_UserProfile"},{"name":"resultFormat","value":"allure2"}],"parameters":[],"links":[],"hidden":false,"retry":false,"extra":{"severity":"normal","retries":[],"categories":[{"name":"Test defects","matchedStatuses":[],"flaky":false}],"history":{"statistic":{"failed":0,"broken":5,"skipped":0,"passed":2,"unknown":0,"total":7},"items":[{"uid":"ee6ba09d64ce5d37","reportUrl":"http://localhost:8080/job/BankApp_Pytest/14/allure/#testresult/ee6ba09d64ce5d37","status":"broken","statusDetails":"selenium.common.exceptions.ElementClickInterceptedException: Message: element click intercepted: Element <button type=\"submit\">...</button> is not clickable at point (504, 612). Other element would receive the click: <footer>...</footer>\n  (Session info: chrome=127.0.6533.100)\nStacktrace:\n\tGetHandleVerifier [0x00007FF7B7B29632+30946]\n\t(No symbol) [0x00007FF7B7ADE3C9]\n\t(No symbol) [0x00007FF7B79D6FDA]\n\t(No symbol) [0x00007FF7B7A2FEEE]\n\t(No symbol) [0x00007FF7B7A2D962]\n\t(No symbol) [0x00007FF7B7A2AE7B]\n\t(No symbol) [0x00007FF7B7A2A095]\n\t(No symbol) [0x00007FF7B7A1C271]\n\t(No symbol) [0x00007FF7B7A4CA6A]\n\t(No symbol) [0x00007FF7B7A1BBB6]\n\t(No symbol) [0x00007FF7B7A4CC80]\n\t(No symbol) [0x00007FF7B7A6B041]\n\t(No symbol) [0x00007FF7B7A4C813]\n\t(No symbol) [0x00007FF7B7A1A6E5]\n\t(No symbol) [0x00007FF7B7A1B021]\n\tGetHandleVerifier [0x00007FF7B7C5F83D+1301229]\n\tGetHandleVerifier [0x00007FF7B7C6BDB7+1351783]\n\tGetHandleVerifier [0x00007FF7B7C62A03+1313971]\n\tGetHandleVerifier [0x00007FF7B7B5DD06+245686]\n\t(No symbol) [0x00007FF7B7AE758F]\n\t(No symbol) [0x00007FF7B7AE3804]\n\t(No symbol) [0x00007FF7B7AE3992]\n\t(No symbol) [0x00007FF7B7ADA3EF]\n\tBaseThreadInitThunk [0x00007FFE0AC17BD4+20]\n\tRtlUserThreadStart [0x00007FFE0C48CE71+33]","time":{"start":1723295585318,"stop":1723295587346,"duration":2028}},{"uid":"a164c0e5a0ac8213","reportUrl":"http://localhost:8080/job/BankApp_Pytest/13/allure/#testresult/a164c0e5a0ac8213","status":"broken","statusDetails":"selenium.common.exceptions.ElementClickInterceptedException: Message: element click intercepted: Element <button type=\"submit\">...</button> is not clickable at point (504, 612). Other element would receive the click: <footer>...</footer>\n  (Session info: chrome=127.0.6533.100)\nStacktrace:\n\tGetHandleVerifier [0x00007FF7B7B29632+30946]\n\t(No symbol) [0x00007FF7B7ADE3C9]\n\t(No symbol) [0x00007FF7B79D6FDA]\n\t(No symbol) [0x00007FF7B7A2FEEE]\n\t(No symbol) [0x00007FF7B7A2D962]\n\t(No symbol) [0x00007FF7B7A2AE7B]\n\t(No symbol) [0x00007FF7B7A2A095]\n\t(No symbol) [0x00007FF7B7A1C271]\n\t(No symbol) [0x00007FF7B7A4CA6A]\n\t(No symbol) [0x00007FF7B7A1BBB6]\n\t(No symbol) [0x00007FF7B7A4CC80]\n\t(No symbol) [0x00007FF7B7A6B041]\n\t(No symbol) [0x00007FF7B7A4C813]\n\t(No symbol) [0x00007FF7B7A1A6E5]\n\t(No symbol) [0x00007FF7B7A1B021]\n\tGetHandleVerifier [0x00007FF7B7C5F83D+1301229]\n\tGetHandleVerifier [0x00007FF7B7C6BDB7+1351783]\n\tGetHandleVerifier [0x00007FF7B7C62A03+1313971]\n\tGetHandleVerifier [0x00007FF7B7B5DD06+245686]\n\t(No symbol) [0x00007FF7B7AE758F]\n\t(No symbol) [0x00007FF7B7AE3804]\n\t(No symbol) [0x00007FF7B7AE3992]\n\t(No symbol) [0x00007FF7B7ADA3EF]\n\tBaseThreadInitThunk [0x00007FFE0AC17BD4+20]\n\tRtlUserThreadStart [0x00007FFE0C48CE71+33]","time":{"start":1723295462079,"stop":1723295463920,"duration":1841}},{"uid":"8beada45a8657990","reportUrl":"http://localhost:8080/job/BankApp_Pytest/12/allure/#testresult/8beada45a8657990","status":"broken","statusDetails":"selenium.common.exceptions.ElementClickInterceptedException: Message: element click intercepted: Element <button type=\"submit\">...</button> is not clickable at point (504, 612). Other element would receive the click: <footer>...</footer>\n  (Session info: chrome=127.0.6533.100)\nStacktrace:\n\tGetHandleVerifier [0x00007FF7B7B29632+30946]\n\t(No symbol) [0x00007FF7B7ADE3C9]\n\t(No symbol) [0x00007FF7B79D6FDA]\n\t(No symbol) [0x00007FF7B7A2FEEE]\n\t(No symbol) [0x00007FF7B7A2D962]\n\t(No symbol) [0x00007FF7B7A2AE7B]\n\t(No symbol) [0x00007FF7B7A2A095]\n\t(No symbol) [0x00007FF7B7A1C271]\n\t(No symbol) [0x00007FF7B7A4CA6A]\n\t(No symbol) [0x00007FF7B7A1BBB6]\n\t(No symbol) [0x00007FF7B7A4CC80]\n\t(No symbol) [0x00007FF7B7A6B041]\n\t(No symbol) [0x00007FF7B7A4C813]\n\t(No symbol) [0x00007FF7B7A1A6E5]\n\t(No symbol) [0x00007FF7B7A1B021]\n\tGetHandleVerifier [0x00007FF7B7C5F83D+1301229]\n\tGetHandleVerifier [0x00007FF7B7C6BDB7+1351783]\n\tGetHandleVerifier [0x00007FF7B7C62A03+1313971]\n\tGetHandleVerifier [0x00007FF7B7B5DD06+245686]\n\t(No symbol) [0x00007FF7B7AE758F]\n\t(No symbol) [0x00007FF7B7AE3804]\n\t(No symbol) [0x00007FF7B7AE3992]\n\t(No symbol) [0x00007FF7B7ADA3EF]\n\tBaseThreadInitThunk [0x00007FFE0AC17BD4+20]\n\tRtlUserThreadStart [0x00007FFE0C48CE71+33]","time":{"start":1723295356853,"stop":1723295358806,"duration":1953}},{"uid":"1cd376b92c2988bc","reportUrl":"http://localhost:8080/job/BankApp_Pytest/11/allure/#testresult/1cd376b92c2988bc","status":"broken","statusDetails":"selenium.common.exceptions.ElementClickInterceptedException: Message: element click intercepted: Element <button type=\"submit\">...</button> is not clickable at point (504, 612). Other element would receive the click: <footer>...</footer>\n  (Session info: chrome=127.0.6533.100)\nStacktrace:\n\tGetHandleVerifier [0x00007FF7B7B29632+30946]\n\t(No symbol) [0x00007FF7B7ADE3C9]\n\t(No symbol) [0x00007FF7B79D6FDA]\n\t(No symbol) [0x00007FF7B7A2FEEE]\n\t(No symbol) [0x00007FF7B7A2D962]\n\t(No symbol) [0x00007FF7B7A2AE7B]\n\t(No symbol) [0x00007FF7B7A2A095]\n\t(No symbol) [0x00007FF7B7A1C271]\n\t(No symbol) [0x00007FF7B7A4CA6A]\n\t(No symbol) [0x00007FF7B7A1BBB6]\n\t(No symbol) [0x00007FF7B7A4CC80]\n\t(No symbol) [0x00007FF7B7A6B041]\n\t(No symbol) [0x00007FF7B7A4C813]\n\t(No symbol) [0x00007FF7B7A1A6E5]\n\t(No symbol) [0x00007FF7B7A1B021]\n\tGetHandleVerifier [0x00007FF7B7C5F83D+1301229]\n\tGetHandleVerifier [0x00007FF7B7C6BDB7+1351783]\n\tGetHandleVerifier [0x00007FF7B7C62A03+1313971]\n\tGetHandleVerifier [0x00007FF7B7B5DD06+245686]\n\t(No symbol) [0x00007FF7B7AE758F]\n\t(No symbol) [0x00007FF7B7AE3804]\n\t(No symbol) [0x00007FF7B7AE3992]\n\t(No symbol) [0x00007FF7B7ADA3EF]\n\tBaseThreadInitThunk [0x00007FFE0AC17BD4+20]\n\tRtlUserThreadStart [0x00007FFE0C48CE71+33]","time":{"start":1723294465880,"stop":1723294467773,"duration":1893}},{"uid":"74168355de243b91","reportUrl":"http://localhost:8080/job/BankApp_Pytest/10/allure/#testresult/74168355de243b91","status":"passed","time":{"start":1723292857148,"stop":1723292859659,"duration":2511}},{"uid":"d89f5c23c2adbd2c","reportUrl":"http://localhost:8080/job/BankApp_Pytest/9/allure/#testresult/d89f5c23c2adbd2c","status":"passed","time":{"start":1723292857148,"stop":1723292859659,"duration":2511}}]},"tags":["sanity","group1"]},"source":"fdb304849610eaee.json","parameterValues":[]}